getReport: ID=1, Type=3, Len=7: E5 12 36 B1 01 04 04
getReport: ID=8, Type=3, Len=32: 31 32 45 43 45 38 31 41 32 31 42 33 34 37 43 45 38 42 37 30 36 38 38 36 44 43 30 30 41 39 45 39
setReport: ID=3, Type=2, Len=6: 02 00 00 00 00 FF
setReport: ID=4, Type=2, Len=1: 01
setReport: ID=2, Type=2, Len=4: 20 00 00 00
setReport: ID=6, Type=3, Len=9: 00 00 00 00 00 00 00 00 00
getReport: ID=6, Type=3, Len=9: 00 00 00 00 00 00 00 00 00
setReport: ID=6, Type=3, Len=9: 01 AE A8 1C 26 CC 58 A6 AF
getReport: ID=6, Type=3, Len=9: 01 00 00 00 00 00 00 00 00
setReport: ID=6, Type=3, Len=9: 00 00 00 00 00 00 00 00 00
getReport: ID=6, Type=3, Len=9: 01 00 00 00 00 00 00 00 00
setReport: ID=6, Type=3, Len=9: 01 07 74 85 3F CB 52 77 07
getReport: ID=6, Type=3, Len=9: 01 00 00 00 00 00 00 00 00
setReport: ID=6, Type=3, Len=9: 00 00 00 00 00 00 00 00 00
getReport: ID=6, Type=3, Len=9: 01 00 00 00 00 00 00 00 00
setReport: ID=6, Type=3, Len=9: 01 FA 7A 4F C2 FF 2D 4C 83
getReport: ID=6, Type=3, Len=9: 01 00 00 00 00 00 00 00 00
setReport: ID=6, Type=3, Len=9: 00 00 00 00 00 00 00 00 00
getReport: ID=6, Type=3, Len=9: 01 00 00 00 00 00 00 00 00
setReport: ID=6, Type=3, Len=9: 01 F6 5B 9F 91 ED 9F E0 2C
getReport: ID=6, Type=3, Len=9: 01 00 00 00 00 00 00 00 00
setReport: ID=6, Type=3, Len=9: 00 00 00 00 00 00 00 00 00
getReport: ID=6, Type=3, Len=9: 01 00 00 00 00 00 00 00 00
setReport: ID=6, Type=3, Len=9: 01 F3 F0 6E FA 3C 9B 86 BF
getReport: ID=6, Type=3, Len=9: 01 00 00 00 00 00 00 00 00
setReport: ID=6, Type=3, Len=9: 00 00 00 00 00 00 00 00 00
getReport: ID=6, Type=3, Len=9: 01 00 00 00 00 00 00 00 00
setReport: ID=6, Type=3, Len=9: 01 7F FC AC C5 DA 33 0B 94
getReport: ID=6, Type=3, Len=9: 01 00 00 00 00 00 00 00 00
setReport: ID=6, Type=3, Len=9: 00 00 00 00 00 00 00 00 00
getReport: ID=6, Type=3, Len=9: 01 00 00 00 00 00 00 00 00
setReport: ID=6, Type=3, Len=9: 01 7F F1 81 EC A4 D1 1E 68
getReport: ID=6, Type=3, Len=9: 01 00 00 00 00 00 00 00 00
setReport: ID=6, Type=3, Len=9: 00 00 00 00 00 00 00 00 00
getReport: ID=6, Type=3, Len=9: 01 00 00 00 00 00 00 00 00
setReport: ID=6, Type=3, Len=9: 01 F9 66 47 F7 4A BC A9 EB
getReport: ID=6, Type=3, Len=9: 01 00 00 00 00 00 00 00 00
setReport: ID=6, Type=3, Len=9: 00 00 00 00 00 00 00 00 00
getReport: ID=6, Type=3, Len=9: 01 00 00 00 00 00 00 00 00
setReport: ID=6, Type=3, Len=9: 01 92 89 60 39 0D 5E E4 61
getReport: ID=6, Type=3, Len=9: 01 00 00 00 00 00 00 00 00
setReport: ID=6, Type=3, Len=9: 00 00 00 00 00 00 00 00 00
getReport: ID=6, Type=3, Len=9: 01 00 00 00 00 00 00 00 00
setReport: ID=6, Type=3, Len=9: 01 57 64 A2 D9 7C F3 60 C4
getReport: ID=6, Type=3, Len=9: 01 00 00 00 00 00 00 00 00
getReport: ID=7, Type=1, Len=2: 00 5B
setReport: ID=2, Type=2, Len=4: 00 00 00 00
getReport: ID=7, Type=1, Len=2:



getReport: ID=1, Type=3, Len=7: E5 12 36 B1 01 04 04
getReport: ID=8, Type=3, Len=32: 31 32 45 43 45 38 31 41 32 31 42 33 34 37 43 45 38 42 37 30 36 38 38 36 44 43 30 30 41 39 45 39
setReport: ID=3, Type=2, Len=6: 02 00 00 00 00 FF
setReport: ID=4, Type=2, Len=1: 01
setReport: ID=2, Type=2, Len=4: 20 00 00 00
setReport: ID=6, Type=3, Len=9: 00 00 00 00 00 00 00 00 00
getReport: ID=6, Type=3, Len=9: 00 FC FD 9D 47 A3 98 DF 10
setReport: ID=6, Type=3, Len=9: 01 00 14 75 FD 07 E3 98 51
getReport: ID=6, Type=3, Len=9: 01 FC FD 9D 47 A3 98 DF 10
setReport: ID=6, Type=3, Len=9: 00 00 00 00 00 00 00 00 00
getReport: ID=6, Type=3, Len=9: 01 FC FD 9D 47 A3 98 DF 10
setReport: ID=6, Type=3, Len=9: 01 13 8D 4F 5E C2 03 93 59
getReport: ID=6, Type=3, Len=9: 01 FC FD 9D 47 A3 98 DF 10
setReport: ID=6, Type=3, Len=9: 00 00 00 00 00 00 00 00 00
getReport: ID=6, Type=3, Len=9: 01 FC FD 9D 47 A3 98 DF 10
setReport: ID=6, Type=3, Len=9: 01 00 19 B2 6E AA BD B8 4B
getReport: ID=6, Type=3, Len=9: 01 FC FD 9D 47 A3 98 DF 10
setReport: ID=6, Type=3, Len=9: 00 00 00 00 00 00 00 00 00
getReport: ID=6, Type=3, Len=9: 01 FC FD 9D 47 A3 98 DF 10
setReport: ID=6, Type=3, Len=9: 01 4D E3 F2 B0 B9 E6 F2 39
getReport: ID=6, Type=3, Len=9: 01 FC FD 9D 47 A3 98 DF 10
setReport: ID=6, Type=3, Len=9: 00 00 00 00 00 00 00 00 00
getReport: ID=6, Type=3, Len=9: 01 FC FD 9D 47 A3 98 DF 10
setReport: ID=6, Type=3, Len=9: 01 4F F3 80 FF 80 88 41 26
getReport: ID=6, Type=3, Len=9: 01 FC FD 9D 47 A3 98 DF 10
setReport: ID=6, Type=3, Len=9: 00 00 00 00 00 00 00 00 00
getReport: ID=6, Type=3, Len=9: 01 FC FD 9D 47 A3 98 DF 10
setReport: ID=6, Type=3, Len=9: 01 4B EF 92 A5 B3 C2 BE 0F
getReport: ID=6, Type=3, Len=9: 01 FC FD 9D 47 A3 98 DF 10
setReport: ID=6, Type=3, Len=9: 00 00 00 00 00 00 00 00 00
getReport: ID=6, Type=3, Len=9: 01 FC FD 9D 47 A3 98 DF 10
setReport: ID=6, Type=3, Len=9: 01 13 84 55 6D BE C4 AA 86
getReport: ID=6, Type=3, Len=9: 01 FC FD 9D 47 A3 98 DF 10
setReport: ID=6, Type=3, Len=9: 00 00 00 00 00 00 00 00 00
getReport: ID=6, Type=3, Len=9: 01 FC FD 9D 47 A3 98 DF 10
setReport: ID=6, Type=3, Len=9: 01 F7 C2 B5 81 34 02 F5 F2
getReport: ID=6, Type=3, Len=9: 01 FC FD 9D 47 A3 98 DF 10
setReport: ID=6, Type=3, Len=9: 00 00 00 00 00 00 00 00 00
getReport: ID=6, Type=3, Len=9: 01 FC FD 9D 47 A3 98 DF 10
setReport: ID=6, Type=3, Len=9: 01 44 3B F6 81 8B D4 40 1D
getReport: ID=6, Type=3, Len=9: 01 FC FD 9D 47 A3 98 DF 10
setReport: ID=6, Type=3, Len=9: 00 00 00 00 00 00 00 00 00
getReport: ID=6, Type=3, Len=9: 01 FC FD 9D 47 A3 98 DF 10
setReport: ID=6, Type=3, Len=9: 01 55 4A 60 98 B6 2F 93 60
getReport: ID=6, Type=3, Len=9: 01 FC FD 9D 47 A3 98 DF 10
getReport: ID=7, Type=1, Len=2:
setReport: ID=2, Type=2, Len=4: 00 00 00 00
getReport: ID=7, Type=1, Len=2: 00 5B





getReport: ID=1, Type=3, Len=7: E5 12 36 B1 01 04 04
getReport: ID=8, Type=3, Len=32: 31 32 45 43 45 38 31 41 32 31 42 33 34 37 43 45 38 42 37 30 36 38 38 36 44 43 30 30 41 39 45 39
setReport: ID=3, Type=2, Len=6: 02 00 00 00 00 FF
setReport: ID=4, Type=2, Len=1: 01
setReport: ID=2, Type=2, Len=4: 20 00 00 00
setReport: ID=6, Type=3, Len=9: 00 00 00 00 00 00 00 00 00
getReport: ID=6, Type=3, Len=9: 00 A5 5E D8 73 B0 DD D2 20
setReport: ID=6, Type=3, Len=9: 01 74 7A ED C7 67 B6 07 D0
getReport: ID=6, Type=3, Len=9: 01 A5 5E D8 73 B0 DD D2 20
setReport: ID=6, Type=3, Len=9: 00 00 00 00 00 00 00 00 00
getReport: ID=6, Type=3, Len=9: 01 A5 5E D8 73 B0 DD D2 20
setReport: ID=6, Type=3, Len=9: 01 11 44 0A F1 78 02 94 1A
getReport: ID=6, Type=3, Len=9: 01 A5 5E D8 73 B0 DD D2 20
setReport: ID=6, Type=3, Len=9: 00 00 00 00 00 00 00 00 00
getReport: ID=6, Type=3, Len=9: 01 A5 5E D8 73 B0 DD D2 20
setReport: ID=6, Type=3, Len=9: 01 79 D9 53 6F 41 77 70 FD
getReport: ID=6, Type=3, Len=9: 01 A5 5E D8 73 B0 DD D2 20
setReport: ID=6, Type=3, Len=9: 00 00 00 00 00 00 00 00 00
getReport: ID=6, Type=3, Len=9: 01 A5 5E D8 73 B0 DD D2 20
setReport: ID=6, Type=3, Len=9: 01 20 C2 D2 32 6D EA 71 14
getReport: ID=6, Type=3, Len=9: 01 A5 5E D8 73 B0 DD D2 20
setReport: ID=6, Type=3, Len=9: 00 00 00 00 00 00 00 00 00
getReport: ID=6, Type=3, Len=9: 01 A5 5E D8 73 B0 DD D2 20
setReport: ID=6, Type=3, Len=9: 01 06 AA B2 DE 55 2C 25 1A
getReport: ID=6, Type=3, Len=9: 01 A5 5E D8 73 B0 DD D2 20
setReport: ID=6, Type=3, Len=9: 00 00 00 00 00 00 00 00 00
getReport: ID=6, Type=3, Len=9: 01 A5 5E D8 73 B0 DD D2 20
setReport: ID=6, Type=3, Len=9: 01 83 E5 4F 8D F0 B3 DA 00
getReport: ID=6, Type=3, Len=9: 01 A5 5E D8 73 B0 DD D2 20
setReport: ID=6, Type=3, Len=9: 00 00 00 00 00 00 00 00 00
getReport: ID=6, Type=3, Len=9: 01 A5 5E D8 73 B0 DD D2 20
setReport: ID=6, Type=3, Len=9: 01 95 47 D9 66 0F A6 6A FC
getReport: ID=6, Type=3, Len=9: 01 A5 5E D8 73 B0 DD D2 20
setReport: ID=6, Type=3, Len=9: 00 00 00 00 00 00 00 00 00
getReport: ID=6, Type=3, Len=9: 01 A5 5E D8 73 B0 DD D2 20
setReport: ID=6, Type=3, Len=9: 01 9A 8A F0 4B 97 7F AE 56
getReport: ID=6, Type=3, Len=9: 01 A5 5E D8 73 B0 DD D2 20
setReport: ID=6, Type=3, Len=9: 00 00 00 00 00 00 00 00 00
getReport: ID=6, Type=3, Len=9: 01 A5 5E D8 73 B0 DD D2 20
setReport: ID=6, Type=3, Len=9: 01 3C 3D 17 65 86 22 D1 B9
getReport: ID=6, Type=3, Len=9: 01 A5 5E D8 73 B0 DD D2 20
setReport: ID=6, Type=3, Len=9: 00 00 00 00 00 00 00 00 00
getReport: ID=6, Type=3, Len=9: 01 A5 5E D8 73 B0 DD D2 20
setReport: ID=6, Type=3, Len=9: 01 DE 5E C7 52 4D 97 1F 8E
getReport: ID=6, Type=3, Len=9: 01 A5 5E D8 73 B0 DD D2 20
getReport: ID=7, Type=1, Len=2: 00 5A
setReport: ID=2, Type=2, Len=4: 00 00 00 00
getReport: ID=7, Type=1, Len=2: 00 5A
setReport: ID=6, Type=3, Len=9: 00 00 00 00 00 00 00 00 00
getReport: ID=6, Type=3, Len=9:
setReport: ID=6, Type=3, Len=9: 01 BA 82 49 FF 84 C9 BD 47
getReport: ID=6, Type=3, Len=9:
setReport: ID=6, Type=3, Len=9: 00 00 00 00 00 00 00 00 00
getReport: ID=6, Type=3, Len=9:
setReport: ID=6, Type=3, Len=9: 00 00 00 00 00 00 00 00 00
getReport: ID=6, Type=3, Len=9:
setReport: ID=6, Type=3, Len=9: 00 00 00 00 00 00 00 00 00
getReport: ID=6, Type=3, Len=9:
setReport: ID=6, Type=3, Len=9: 00 00 00 00 00 00 00 00 00
getReport: ID=6, Type=3, Len=9:
setReport: ID=6, Type=3, Len=9: 00 00 00 00 00 00 00 00 00
getReport: ID=6, Type=3, Len=9:
setReport: ID=6, Type=3, Len=9: 00 00 00 00 00 00 00 00 00
getReport: ID=6, Type=3, Len=9:
setReport: ID=6, Type=3, Len=9: 00 00 00 00 00 00 00 00 00
getReport: ID=6, Type=3, Len=9:
setReport: ID=6, Type=3, Len=9: 00 00 00 00 00 00 00 00 00
getReport: ID=6, Type=3, Len=9:
setReport: ID=6, Type=3, Len=9: 00 00 00 00 00 00 00 00 00
getReport: ID=6, Type=3, Len=9:
